2022 / 10 / 14 14:38:27  :  Topic list displayed
2022 / 10 / 14 14:38:40  :  New user method called
2022 / 10 / 14 14:38:40  :  Sign up form displayed
2022 / 10 / 14 18:53:39  :  Topic list displayed
2022 / 10 / 14 19:00:02  :  Topic list displayed
2022 / 10 / 14 19:00:04  :  New user method called
2022 / 10 / 14 19:00:04  :  Sign up form displayed
2022 / 10 / 14 19:03:53  :  Topic list displayed
2022 / 10 / 14 19:03:59  :  Topic list displayed
2022 / 10 / 14 19:04:30  :  New user method called
2022 / 10 / 14 19:04:30  :  Sign up form displayed
2022 / 10 / 14 20:10:29  :  Topic list displayed
2022 / 10 / 14 20:24:02  :  Topic list displayed
2022 / 10 / 14 20:24:18  :  New user method called
2022 / 10 / 14 20:24:18  :  Sign up form displayed
2022 / 10 / 14 21:45:52  :  Topic list displayed
2022 / 10 / 14 22:13:17  :  Topic list displayed
2022 / 10 / 14 22:13:22  :  New user method called
2022 / 10 / 14 22:13:22  :  Sign up form displayed
2022 / 10 / 14 22:13:39  :  New user method called
2022 / 10 / 14 22:13:39  :  Sign up form displayed
2022 / 10 / 14 22:19:17  :  Topic list displayed
2022 / 10 / 14 22:19:19  :  New user method called
2022 / 10 / 14 22:19:19  :  Sign up form displayed
2022 / 10 / 14 22:19:21  :  New user method called
2022 / 10 / 14 22:19:21  :  Sign up form displayed
2022 / 10 / 14 22:19:49  :  New user method called
2022 / 10 / 14 22:19:49  :  Sign up form displayed
2022 / 10 / 14 22:20:02  :  Topic list displayed
2022 / 10 / 14 22:20:04  :  New user method called
2022 / 10 / 14 22:20:04  :  Sign up form displayed
2022 / 10 / 14 22:20:11  :  Topic list displayed
2022 / 10 / 14 22:22:13  :  Topic list displayed
2022 / 10 / 14 22:22:14  :  New user method called
2022 / 10 / 14 22:22:14  :  Sign up form displayed
2022 / 10 / 14 22:22:16  :  Topic list displayed
2022 / 10 / 14 22:23:05  :  Topic list displayed
2022 / 10 / 14 22:23:06  :  New user method called
2022 / 10 / 14 22:23:06  :  Sign up form displayed
2022 / 10 / 20 11:25:13  :  New user method called
2022 / 10 / 20 11:25:13  :  Sign up form displayed
2022 / 10 / 20 11:25:38  :  Topic list displayed
2022 / 10 / 20 11:25:42  :  New user method called
2022 / 10 / 20 11:25:42  :  Sign up form displayed
2022 / 10 / 20 11:44:26  :  New user method called
2022 / 10 / 20 11:44:26  :  Sign up form displayed
2022 / 10 / 20 12:04:10  :  New user method called
2022 / 10 / 20 12:04:10  :  Sign up form displayed
2022 / 10 / 20 12:08:15  :  Topic list displayed
2022 / 10 / 20 12:08:17  :  New user method called
2022 / 10 / 20 12:08:17  :  Sign up form displayed
2022 / 10 / 20 12:08:26  :  Error while trying to save new user
2022 / 10 / 20 12:08:26  :  Sign up form displayed
2022 / 10 / 20 12:08:33  :  Error while trying to save new user
2022 / 10 / 20 12:08:33  :  Sign up form displayed
2022 / 10 / 20 12:09:12  :  Error while trying to save new user
2022 / 10 / 20 12:09:12  :  Sign up form displayed
2022 / 10 / 20 12:10:44  :  New user saved successfully with the following details:
Email address: aysyxcyx@yxcyxc.com
2022 / 10 / 20 12:10:57  :  New user method called
2022 / 10 / 20 12:10:57  :  Sign up form displayed
2022 / 10 / 20 12:11:08  :  New user saved successfully with the following details:
Email address: dsdfsddfs@sdsddc.hu
2022 / 10 / 20 12:15:18  :  New user method called
2022 / 10 / 20 12:15:18  :  Sign up form displayed
2022 / 10 / 20 12:15:23  :  New user saved successfully with the following details:
Email address: a
2022 / 10 / 20 12:15:36  :  Topic list displayed
2022 / 10 / 20 12:15:38  :  New topic method called
2022 / 10 / 20 12:15:38  :  New topic form displayed
2022 / 10 / 20 12:18:49  :  New topic saved successfully
2022 / 10 / 20 12:18:49  :  Topic list displayed
2022 / 10 / 20 12:19:16  :  Topic list displayed
2022 / 10 / 20 12:28:13  :  Topic list displayed
2022 / 10 / 20 12:32:40  :  Topic list displayed
2022 / 10 / 20 12:33:03  :  Topic list displayed
2022 / 10 / 20 12:33:33  :  Topic list displayed
2022 / 10 / 20 12:33:39  :  New topic method called
2022 / 10 / 20 12:33:39  :  New topic form displayed
2022 / 10 / 20 12:33:43  :  New topic saved successfully
2022 / 10 / 20 12:33:43  :  Topic list displayed
2022 / 10 / 20 12:34:41  :  Topic list displayed
2022 / 10 / 20 12:36:15  :  New topic method called
2022 / 10 / 20 12:36:15  :  New topic form displayed
2022 / 10 / 20 12:36:18  :  New topic saved successfully
2022 / 10 / 20 12:36:18  :  Topic list displayed
2022 / 10 / 20 13:46:06  :  New user method called
2022 / 10 / 20 13:46:06  :  Sign up form displayed
2022 / 10 / 20 13:46:11  :  New user saved successfully with the following details:
Email address: c
2022 / 10 / 20 13:47:08  :  Topic list displayed
2022 / 10 / 20 13:48:16  :  Topic list displayed
2022 / 10 / 20 13:48:27  :  Topic list displayed
2022 / 10 / 20 13:48:35  :  Topic list displayed
2022 / 10 / 20 13:48:48  :  Topic list displayed
2022 / 10 / 20 15:12:46  :  Topic list displayed
2022 / 10 / 20 15:21:37  :  Topic list displayed
2022 / 10 / 20 15:24:11  :  Topic list displayed
2022 / 10 / 20 15:35:09  :  Topic list displayed
2022 / 10 / 20 15:44:13  :  Topic list displayed
2022 / 10 / 20 15:53:39  :  Topic list displayed
2022 / 10 / 20 15:54:40  :  Topic list displayed
2022 / 10 / 20 15:57:42  :  Topic list displayed
2022 / 10 / 20 16:22:15  :  Topic list displayed
2022 / 10 / 20 19:32:41  :  Topic list displayed
2022 / 10 / 20 19:32:46  :  Topic list displayed
2022 / 10 / 20 19:35:29  :  New user method called
2022 / 10 / 20 19:35:29  :  Sign up form displayed
2022 / 10 / 20 19:35:31  :  Topic list displayed
2022 / 10 / 20 20:28:29  :  New user method called
2022 / 10 / 20 20:28:29  :  Sign up form displayed
2022 / 10 / 20 20:30:03  :  New user method called
2022 / 10 / 20 20:30:03  :  Sign up form displayed
2022 / 10 / 20 20:32:56  :  New user method called
2022 / 10 / 20 20:32:56  :  Sign up form displayed
2022 / 10 / 20 20:33:51  :  New user method called
2022 / 10 / 20 20:33:51  :  Sign up form displayed
2022 / 10 / 20 20:34:09  :  New user method called
2022 / 10 / 20 20:34:09  :  Sign up form displayed
2022 / 10 / 20 20:35:54  :  New user method called
2022 / 10 / 20 20:35:54  :  Sign up form displayed
2022 / 10 / 20 20:35:56  :  New user method called
2022 / 10 / 20 20:35:56  :  Sign up form displayed
2022 / 10 / 20 20:35:58  :  New user method called
2022 / 10 / 20 20:35:58  :  Sign up form displayed
2022 / 10 / 20 20:36:11  :  New user method called
2022 / 10 / 20 20:36:11  :  Sign up form displayed
2022 / 10 / 20 20:36:12  :  New user method called
2022 / 10 / 20 20:36:12  :  Sign up form displayed
2022 / 10 / 20 20:36:18  :  New user method called
2022 / 10 / 20 20:36:18  :  Sign up form displayed
2022 / 10 / 20 20:36:25  :  New user method called
2022 / 10 / 20 20:36:25  :  Sign up form displayed
2022 / 10 / 20 20:36:29  :  New user method called
2022 / 10 / 20 20:36:29  :  Sign up form displayed
2022 / 10 / 20 20:36:31  :  New user method called
2022 / 10 / 20 20:36:31  :  Sign up form displayed
2022 / 10 / 20 20:36:36  :  New user method called
2022 / 10 / 20 20:36:36  :  Sign up form displayed
2022 / 10 / 20 20:36:37  :  New user method called
2022 / 10 / 20 20:36:37  :  Sign up form displayed
2022 / 10 / 20 20:44:42  :  New user method called
2022 / 10 / 20 20:44:42  :  Sign up form displayed
2022 / 10 / 20 20:44:44  :  New user method called
2022 / 10 / 20 20:44:44  :  Sign up form displayed
2022 / 10 / 20 20:44:45  :  New user method called
2022 / 10 / 20 20:44:45  :  Sign up form displayed
2022 / 10 / 20 20:45:53  :  Topic list displayed
2022 / 10 / 20 20:46:41  :  Topic list displayed
2022 / 10 / 20 20:46:45  :  Topic list displayed
2022 / 10 / 20 20:46:57  :  New user method called
2022 / 10 / 20 20:46:57  :  Sign up form displayed
2022 / 10 / 20 20:47:02  :  New user saved successfully with the following details:
Email address: w
2022 / 10 / 20 20:49:53  :  Topic list displayed
2022 / 10 / 20 20:50:26  :  Topic list displayed
2022 / 10 / 20 20:50:36  :  Topic list displayed
2022 / 10 / 20 20:51:26  :  Topic list displayed
2022 / 10 / 20 20:51:28  :  Topic list displayed
2022 / 10 / 20 20:58:27  :  New user method called
2022 / 10 / 20 20:58:27  :  Sign up form displayed
2022 / 10 / 20 21:00:14  :  New user method called
2022 / 10 / 20 21:00:14  :  Sign up form displayed
2022 / 10 / 20 21:00:28  :  New user method called
2022 / 10 / 20 21:00:28  :  Sign up form displayed
2022 / 10 / 20 21:01:10  :  New user method called
2022 / 10 / 20 21:01:10  :  Sign up form displayed
2022 / 10 / 20 21:01:21  :  New user method called
2022 / 10 / 20 21:01:21  :  Sign up form displayed
2022 / 10 / 20 21:01:23  :  New user method called
2022 / 10 / 20 21:01:23  :  Sign up form displayed
2022 / 10 / 20 21:01:32  :  New user method called
2022 / 10 / 20 21:01:32  :  Sign up form displayed
2022 / 10 / 20 21:01:45  :  New user method called
2022 / 10 / 20 21:01:45  :  Sign up form displayed
2022 / 10 / 20 21:01:52  :  New user method called
2022 / 10 / 20 21:01:52  :  Sign up form displayed
2022 / 10 / 20 21:06:17  :  Topic list displayed
2022 / 10 / 20 21:06:20  :  Topic list displayed
2022 / 10 / 21 18:51:10  :  Topic list displayed
2022 / 10 / 21 18:51:12  :  Topic list displayed
2022 / 10 / 21 18:51:44  :  Topic list displayed
2022 / 10 / 21 19:05:11  :  New user method called
2022 / 10 / 21 19:05:11  :  Sign up form displayed
2022 / 10 / 21 19:12:35  :  Topic list displayed
2022 / 10 / 21 19:14:06  :  Topic list displayed
2022 / 10 / 21 19:14:21  :  Topic list displayed
2022 / 10 / 21 19:14:24  :  New topic method called
2022 / 10 / 21 19:14:25  :  New topic form displayed
2022 / 10 / 21 19:14:28  :  New topic saved successfully
2022 / 10 / 21 19:14:29  :  Topic list displayed
2022 / 10 / 21 19:14:43  :  Topic list displayed
2022 / 10 / 21 19:14:53  :  Topic list displayed
2022 / 10 / 21 19:16:43  :  Topic list displayed
2022 / 10 / 21 19:18:08  :  Topic list displayed
2022 / 10 / 21 19:25:13  :  Topic list displayed
2022 / 10 / 21 19:39:46  :  New topic method called
2022 / 10 / 21 19:39:46  :  New topic form displayed
2022 / 10 / 21 19:40:54  :  Topic list displayed
2022 / 10 / 21 19:42:35  :  Topic list displayed
2022 / 10 / 21 19:42:43  :  Topic list displayed
2022 / 10 / 21 19:42:45  :  Topic list displayed
2022 / 10 / 21 19:42:46  :  Topic list displayed
2022 / 10 / 21 19:42:50  :  New user method called
2022 / 10 / 21 19:42:50  :  Sign up form displayed
2022 / 10 / 21 19:42:57  :  New user saved successfully with the following details:
Email address: a
2022 / 10 / 21 19:43:04  :  Topic list displayed
2022 / 10 / 21 19:43:06  :  Topic list displayed
2022 / 10 / 21 19:43:08  :  Topic list displayed
2022 / 10 / 21 19:43:18  :  Topic list displayed
2022 / 10 / 21 19:43:19  :  New topic method called
2022 / 10 / 21 19:43:19  :  New topic form displayed
2022 / 10 / 21 19:44:05  :  New topic saved successfully
2022 / 10 / 21 19:44:05  :  Topic list displayed
2022 / 10 / 21 19:44:47  :  Topic list displayed
2022 / 10 / 21 19:45:00  :  Topic list displayed
2022 / 10 / 21 19:45:45  :  Topic list displayed
2022 / 10 / 21 19:58:48  :  New user method called
2022 / 10 / 21 19:58:48  :  Sign up form displayed
2022 / 10 / 21 19:58:54  :  New user saved successfully with the following details:
Email address: b
2022 / 10 / 22 13:51:08  :  Topic list displayed
2022 / 10 / 22 13:52:05  :  Topic list displayed
2022 / 10 / 22 13:52:12  :  Topic list displayed
2022 / 10 / 22 13:52:16  :  Topic list displayed
2022 / 10 / 22 13:52:21  :  Topic list displayed
2022 / 10 / 22 13:52:27  :  Topic list displayed
2022 / 10 / 22 13:52:28  :  New topic method called
2022 / 10 / 22 13:52:28  :  New topic form displayed
2022 / 10 / 22 13:52:47  :  New topic saved successfully
2022 / 10 / 22 13:52:47  :  Topic list displayed
